(node:52217) [DEP0169] DeprecationWarning: `url.parse()` behavior is not standardized and prone to errors that have security implications. Use the WHATWG URL API instead. CVEs are not issued for `url.parse()` vulnerabilities.
(Use `node --trace-deprecation ...` to show where the warning was created)
Server is running at http://localhost:5000
Database engine: SQLite (fallback)
GET /
GET /
GET /
GET /
GET /
POST /cart/add/7
GET /login
POST /login
GET /news
GET /
POST /cart/add/7
GET /cart
GET /checkout
POST /checkout
POST /login
POST /admin/foods/add
GET /foods
GET /wallet/top-up
